<?xml version="1.0" encoding="UTF-8"?>
<!-- Generated by org.testng.reporters.JUnitReportReporter -->
<testsuite hostname="CO-IT01454" name="test.BaseTest" tests="1" failures="0" timestamp="15 Nov 2017 20:33:55 GMT" time="19.171" errors="0">
  <testcase name="testPagina" time="19.171" classname="test.BaseTest"/>
</testsuite> <!-- test.BaseTest -->
