<?xml version="1.0" encoding="UTF-8"?>
<!-- Generated by org.testng.reporters.JUnitReportReporter -->
<testsuite hostname="DESKTOP-4SRRAOJ" name="test.TravelocityCruisesTest" tests="1" failures="0" timestamp="4 Dec 2017 01:50:44 GMT" time="14.385" errors="0">
  <testcase name="searchCruise" time="14.385" classname="test.TravelocityCruisesTest"/>
</testsuite> <!-- test.TravelocityCruisesTest -->
