<?xml version="1.0" encoding="UTF-8"?>
<!-- Generated by org.testng.reporters.JUnitReportReporter -->
<testsuite hostname="DESKTOP-4SRRAOJ" name="test.TravelocityErrorMessage" tests="1" failures="0" timestamp="4 Dec 2017 00:51:01 GMT" time="10.269" errors="0">
  <testcase name="validationError" time="10.269" classname="test.TravelocityErrorMessage"/>
</testsuite> <!-- test.TravelocityErrorMessage -->
