<?xml version="1.0" encoding="UTF-8"?>
<!-- Generated by org.testng.reporters.JUnitReportReporter -->
<testsuite hostname="CO-IT01454" name="test.TravelocityBusquedaPageTest" tests="1" failures="0" timestamp="22 Nov 2017 22:06:02 GMT" time="16.335" errors="0">
  <testcase name="BuscarVuelo" time="16.335" classname="test.TravelocityBusquedaPageTest"/>
</testsuite> <!-- test.TravelocityBusquedaPageTest -->
